Case #1: 2
Case #2: 1
Case #3: 1 2
Case #4: 2 3
Case #5: 102030405060709 91011121314151618 181920212223242527 272829303132333436 363738394041424345 454647484950515254 545556575859606163 636465666768697072 727374757677787981 818283848586878890 909192939495969799 100
Case #6: 1 2 3 4 5 6 7 8 9 10 11 12 13 14 15 16 17 18 19 20 21 22 23 24 25 26 27 28 29 30 31 32 33 34 35 36 37 38 39 40 41 42 43 44 45 46 47 48 49 50 51 52 53 54 55 56 57 58 59 60 61 62 63 64 65 66 67 68 69 70 71 72 73 74 75 76 77 78
Case #7: 2
Case #8: 2
Case #9: 1866
Case #10: 6727 2159063 4311399 6463735 8616071 10768407 12920743 15073079 17225415 19377751 21530087 23682423 25834759 27987095 30139431 32291767 34444103 36596439 38748775 40901111 81
Case #11: 544811 218468836 436392861 654316886 872240911 1090164936 1308088961 1526012986 1743937011 1961861036 2179785061 2397709086 2615633111 2833557136 3051481161 3269405186 81
Case #12: 10203040507 7080910111214 14151617181921 21222324252628 28293031323335 35363738394042 42434445464749 49505152535456 56575859606163 63646566676870 70717273747577 77787980818284 84858687888991 91929394959698 9900
Case #13: 1 2 3
Case #14: 304572680614 79493469640094 8061899436
Case #15: 1497658459 703899475310 1406301292161 2108703109012 2811104925863 3513506742714 4215908559565 4918310376416 5620712193267 1367455452
Case #16: 22876
Case #17: 122254715 375522
Case #18: 6893990795530 2695550401051940 5384206811308350 8072863221564760
Case #19: 49361 8687386 17325411 25963436 34601461 43239486 51877511 36
Case #20: 49 6538 13027 19516 26005 32494 38983 45472 51961 58450 64939 71428 77917 84406 90895 46
Case #21: 2 204 406 608 810 1012 1214 1416 1618 1820 2022 2224 2426 2628 2830 3032 3234 3436 3638 3840 4042 4244 4446 4648 4850 5052 5254 5456 5658 5860 6062 6264 6466 6668 6870 7072 7274 7476 7678 7880 8082 8284 8486 8688 8890 9092 9294 9496 9698 9900
Case #22: 2103299351335
Case #23: 745475 332481430 664217385 995953340 1327689295 1659425250 1991161205 2322897160 2654633115 2986369070 3318105025 3649840980 3981576935 4313312890 4645048845 4976784800 5308520755 5640256710
Case #24: 64677318922158 33696883158443898 67329088997965638 100961294837487378 134593500677009118 143206
Case #25: 123456790
Case #26: 995949685 162339798574 19
Case #27: 28
Case #28: 2984619134746 1047601316295596 2092218013456446 1867590396
Case #29: 1947989093 531801022181 1061654055269 1591507088357 40390
Case #30: 1
Case #31: 18508819 3516675470 7014842121 10513008772
Case #32: 228 12048 23868 182
Case #33: 77 16730 33383 50036 66689 83342 99995 116648 133301 149954 166607 183260 199913 216566 233219 249872 266525 283178 299831 316484 333137 349790 366443 383096 5402
Case #34: 2758864 350375651 1933497
Case #35: 1235 56790
Case #36: 268822560488 170164680788336 340060539016184 509956397244032 679852255471880 849748113699728 1019643971927576 1189539830155424 1359435688383272 1529331546611120
Case #37: 2 200 398 596 794 992 1190 1388 1586 1784 1982 2180 2378 2576 2774 2972 3170 3368 3566 3764 3962 4160 4358 4556 4754 4952 5150 5348 5546 5744 5942 6140 6338 6536 6734 6932 7130 7328 7526 7724 7922 8120 8318 8516 8714 8912 9110 9308 9506
Case #38: 435754 2849158
Case #39: 7497717589 4888511867426 9769526017263 14650540167100 19531554316937 24412568466774 29293582616611 34174596766448 39055610916285 43936625066122 48817639215959 53698653365796 58579667515633 812818
Case #40: 28
Case #41: 29192560 12640378084 25251563608 37862749132 50473934656 63085120180 75696305704 88307491228 100918676752 113529862276 126141047800 138752233324 73
Case #42: 585819 240771224 480956629 721142034 961327439 1201512844 1441698249 1681883654 1922069059 2162254464 2402439869 2642625274 2882810679 3122996084 3363181489 3603366894 557926
Case #43: 1
Case #44: 1
Case #45: 265762039 87701472590 175137183141 262572893692 350008604243 437444314794 10935000528
Case #46: 28
Case #47: 770411 347454936 694139461 1040823986 1387508511 1734193036 2080877561 2427562086 2774246611 3120931136 3467615661 3814300186 4160984711 4507669236 4854353761 5201038286 5547722811 5894407336 91
Case #48: 195
Case #49: 1866
Case #50: 63 11046 22029 33012 43995 54978 65961 76944 87927 98910 109893 120876 131859 142842 153825 164808 175791 186774 197757 208740
Case #51: 1 2 3 4 5 6 7 8 9 10 11 12 13 14 15 16 17 18 19 20 21 22 23 24 25 26 27 28 29 30 31 32 33 34 35 36 37 38 39 40 41 42 43 44 45 46 47 48 49 50 51 52 53 54 55 56 57 58 59 60 61 62
Case #52: 623749 57384866
Case #53: 1324984810457 307396476025914
Case #54: 2 118 234 350 466 582 698 814 930 1046 1162 1278 1394 1510 1626 1742 1858 1974 2090 2206 2322 2438 2554 2670 2786 2902 3018 3134 57
Case #55: 6
Case #56: 1
Case #57: 6
Case #58: 52830839522197 42845810852501038 85638790865479879 128431770878458720 171224750891437561 214017730904416402 256810710917395243 299603690930374084 342396670943352925 385189650956331766 91
Case #59: 2 162 322 482 642 802 962 1122 1282 1442 1602 1762 1922 2082 2242 2402 2562 2722 2882 3042 3202 3362 3522 3682 3842 4002 4162 4322 4482 4642 4802 4962 5122 5282 5442 5602 5762 5922 6082 79
Case #60: 2212 400208 798204 1196200 1594196 1992192 2390188 2788184 3186180 3584176 3982172 2070
Case #61: 8223462376562 2360133702073129 12162609
Case #62: 283275 90930980 181578685 272226390 362874095 453521800 544169505 634817210 725464915 816112620 906760325 997408030 1088055735
Case #63: 1 2 3 4 5 6 7 8 9 10
Case #64: 1
Case #65: 10204 4050608 8091012 12131416 16171820 20212224 24252628 28293032 32333436 36373840 40414244 44454648 48495052 52535456 56575860 60616264 64656668 68697072 72737476 76777880 80818284 84858688 88899092 92939496 96979900
Case #66: 28
Case #67: 1856146972 911368162811 1820880178650 2730392194489 3639904210328 4549416226167 5458928242006 6368440257845 7277952273684 8187464289523 71
Case #68: 1866
Case #69: 122603 29547108 58971613 88396118 117820623 147245128 176669633 206094138 235518643 5407003
Case #70: 2
Case #71: 6053445
Case #72: 1
Case #73: 123456790
Case #74: 923 4203
Case #75: 2
Case #76: 1 2 3 4 5 6 7 8 9 10 11 12 13 14 15 16 17 18 19 20 21 22 23 24 25 26 27 28 29 30 31 32 33 34 35 36 37
Case #77: 2 12
Case #78: 147 6003 1078
Case #79: 103 30406 60709 91012 121315 151618 181921 212224 242527 272830 303133 333436 363739 394042 424345 454648 484951 515254 545557 575860 606163 636466 666769 697072 727375 757678 787981 818284 848587 878890 909193 939496 969799 100
Case #80: 1
Case #81: 18 741 1464 2187 2910
Case #82: 9804 3813384 7616964 11420544 15224124 19027704 22831284 26634864 30438444 34242024 38045604 41849184 45652764 49456344 53259924 57063504 60867084 64670664 68474244 72277824 76081404 79884984 83688564 87492144 9506
Case #83: 1
Case #84: 661131627677 487254009597277 973846887566877 1460439765536477 1947032643506077 2433625521475677 2920218399445277 3406811277414877 3893404155384477 4379997033354077 4866589911323677 6655232427
Case #85: 28 1981 3934 5887 7840 9793 11746 13699 25
Case #86: 1
Case #87: 1 2 3 4
Case #88: 1 2 3 4 5 6 7 8 9 10 11 12 13 14 15 16 17 18 19 20 21 22 23 24 25 26 27 28 29 30 31 32 33 34 35 36 37 38 39 40 41 42 43 44 45 46 47 48 49 50 51 52 53 54 55 56 57 58 59 60 61 62 63 64 65 66 67 68 69 70 71 72 73 74 75 76 77 78 79 80 81 82 83 84 85 86 87 88 89 90 91 92 93 94 95 96 97 98 99 100
Case #89: 225557475374454 137815617453790884 275405677432207314 412995737410623744 550585797389040174 688175857367456604 3782
Case #90: 7 4
Case #91: 6736464211 4297864166030 8588991867849 12880119569668 17171247271487 21462374973306 25753502675125 30044630376944 34335758078763 38626885780582 42918013482401 47209141184220 51500268886039 92
Case #92: 1
Case #93: 2
Case #94: 20553528848 8406393298488 16792233068128 25178072837768 33563912607408 41949752377048 6884332
Case #95: 6
Case #96: 1
Case #97: 84 2424
Case #98: 31811 4803336 9574861 14346386 19117911 23889436 31
Case #99: 6
Case #100: 12251407207078 5157842434179518 10303433461151958 15449024488124398 75766
